#
# There is insufficient memory for the Java Runtime Environment to continue.
# Native memory allocation (malloc) failed to allocate 32744 bytes for Chunk::new
# Possible reasons:
#   The system is out of physical RAM or swap space
#   The process is running with CompressedOops enabled, and the Java Heap may be blocking the growth of the native heap
# Possible solutions:
#   Reduce memory load on the system
#   Increase physical memory or swap space
#   Check if swap backing store is full
#   Decrease Java heap size (-Xmx/-Xms)
#   Decrease number of Java threads
#   Decrease Java thread stack sizes (-Xss)
#   Set larger code cache with -XX:ReservedCodeCacheSize=
#   JVM is running with Unscaled Compressed Oops mode in which the Java heap is
#     placed in the first 4GB address space. The Java Heap base address is the
#     maximum limit for the native heap growth. Please use -XX:HeapBaseMinAddress
#     to set the Java Heap base and to place the Java Heap above 4GB virtual address.
# This output file may be truncated or incomplete.
#
#  Out of Memory Error (arena.cpp:184), pid=6972, tid=25676
#
# JRE version: Java(TM) SE Runtime Environment (19.0+36) (build 19+36-2238)
# Java VM: Java HotSpot(TM) 64-Bit Server VM (19+36-2238, mixed mode, tiered, compressed oops, compressed class ptrs, g1 gc, windows-amd64)
# No core dump will be written. Minidumps are not enabled by default on client versions of Windows
#

---------------  S U M M A R Y ------------

Command Line: -Dfile.encoding=UTF-8 -XX:+ShowCodeDetailsInExceptionMessages travel.management.system.ForgetPassword

Host: AMD Ryzen 5 4500U with Radeon Graphics         , 6 cores, 7G,  Windows 11 , 64 bit Build 22621 (10.0.22621.1928)
Time: Fri Jul 21 14:35:17 2023 India Standard Time elapsed time: 0.189371 seconds (0d 0h 0m 0s)

---------------  T H R E A D  ---------------

Current thread (0x000001e0e089e280):  JavaThread "C1 CompilerThread0" daemon [_thread_in_native, id=25676, stack(0x000000db14500000,0x000000db14600000)]


Current CompileTask:
C1:    189   38   !   3       java.util.concurrent.ConcurrentHashMap::putVal (432 bytes)

Stack: [0x000000db14500000,0x000000db14600000]
Native frames: (J=compiled Java code, j=interpreted, Vv=VM code, C=native code)
V  [jvm.dll+0x6ee8fa]
V  [jvm.dll+0x857a1e]
V  [jvm.dll+0x85940e]
V  [jvm.dll+0x859ac3]
V  [jvm.dll+0x28291f]
V  [jvm.dll+0xc9b5f]
V  [jvm.dll+0xc9ee5]
V  [jvm.dll+0x1a3663]
V  [jvm.dll+0x1a372d]
V  [jvm.dll+0x1a5f6a]
V  [jvm.dll+0x1a7c41]
V  [jvm.dll+0x161743]
V  [jvm.dll+0x161022]
V  [jvm.dll+0x161278]
V  [jvm.dll+0x1606d6]
V  [jvm.dll+0x1623cd]
V  [jvm.dll+0x25b0fa]
V  [jvm.dll+0x259588]
V  [jvm.dll+0x807928]
V  [jvm.dll+0x8015fa]
V  [jvm.dll+0x6ed5eb]
C  [ucrtbase.dll+0x29363]
C  [KERNEL32.DLL+0x126ad]
C  [ntdll.dll+0x5aa68]


---------------  P R O C E S S  ---------------

Threads class SMR info:
_java_thread_list=0x000001e0e09fa930, length=12, elements={
0x000001e0bc839510, 0x000001e0e0871010, 0x000001e0e0871550, 0x000001e0e0874f40,
0x000001e0e0877ca0, 0x000001e0e088d920, 0x000001e0e0890050, 0x000001e0e089d8f0,
0x000001e0e089e280, 0x000001e0e088f8e0, 0x000001e0e0c04ad0, 0x000001e0e09e7290
}

Java Threads: ( => current thread )
  0x000001e0bc839510 JavaThread "main" [_thread_in_vm, id=23176, stack(0x000000db13700000,0x000000db13800000)]
  0x000001e0e0871010 JavaThread "Reference Handler" daemon [_thread_blocked, id=10916, stack(0x000000db13e00000,0x000000db13f00000)]
  0x000001e0e0871550 JavaThread "Finalizer" daemon [_thread_blocked, id=11112, stack(0x000000db13f00000,0x000000db14000000)]
  0x000001e0e0874f40 JavaThread "Signal Dispatcher" daemon [_thread_blocked, id=1916, stack(0x000000db14000000,0x000000db14100000)]
  0x000001e0e0877ca0 JavaThread "Attach Listener" daemon [_thread_blocked, id=25312, stack(0x000000db14100000,0x000000db14200000)]
  0x000001e0e088d920 JavaThread "Service Thread" daemon [_thread_blocked, id=24508, stack(0x000000db14200000,0x000000db14300000)]
  0x000001e0e0890050 JavaThread "Monitor Deflation Thread" daemon [_thread_blocked, id=14764, stack(0x000000db14300000,0x000000db14400000)]
  0x000001e0e089d8f0 JavaThread "C2 CompilerThread0" daemon [_thread_blocked, id=5576, stack(0x000000db14400000,0x000000db14500000)]
=>0x000001e0e089e280 JavaThread "C1 CompilerThread0" daemon [_thread_in_native, id=25676, stack(0x000000db14500000,0x000000db14600000)]
  0x000001e0e088f8e0 JavaThread "Sweeper thread" daemon [_thread_blocked, id=21828, stack(0x000000db14600000,0x000000db14700000)]
  0x000001e0e0c04ad0 JavaThread "Notification Thread" daemon [_thread_blocked, id=2300, stack(0x000000db14700000,0x000000db14800000)]
  0x000001e0e09e7290 JavaThread "Common-Cleaner" daemon [_thread_blocked, id=20816, stack(0x000000db14900000,0x000000db14a00000)]

Other Threads:
  0x000001e0dc6a4140 VMThread "VM Thread" [stack: 0x000000db13d00000,0x000000db13e00000] [id=26292]
  0x000001e0e0c05a60 WatcherThread "VM Periodic Task Thread" [stack: 0x000000db14800000,0x000000db14900000] [id=8056]
  0x000001e0bc894e40 WorkerThread "GC Thread#0" [stack: 0x000000db13800000,0x000000db13900000] [id=10244]
  0x000001e0bc8a4a20 ConcurrentGCThread "G1 Main Marker" [stack: 0x000000db13900000,0x000000db13a00000] [id=13032]
  0x000001e0bc8a5750 WorkerThread "G1 Conc#0" [stack: 0x000000db13a00000,0x000000db13b00000] [id=2564]
  0x000001e0dc5504a0 ConcurrentGCThread "G1 Refine#0" [stack: 0x000000db13b00000,0x000000db13c00000] [id=5264]
  0x000001e0dc552c00 ConcurrentGCThread "G1 Service" [stack: 0x000000db13c00000,0x000000db13d00000] [id=27216]

Threads with active compile tasks:
C1 CompilerThread0      220   38   !   3       java.util.concurrent.ConcurrentHashMap::putVal (432 bytes)

VM state: not at safepoint (normal execution)

VM Mutex/Monitor currently owned by a thread: None

Heap address: 0x0000000089c00000, size: 1892 MB, Compressed Oops mode: 32-bit

CDS archive(s) not mapped
Compressed class space mapped at: 0x0000000100000000-0x0000000140000000, reserved size: 1073741824
Narrow klass base: 0x0000000000000000, Narrow klass shift: 3, Narrow klass range: 0x140000000

GC Precious Log:
 CardTable entry size: 512
 Card Set container configuration: InlinePtr #cards 5 size 8 Array Of Cards #cards 12 size 40 Howl #buckets 4 coarsen threshold 1843 Howl Bitmap #cards 512 size 80 coarsen threshold 460 Card regions per heap region 1 cards per card region 2048
 CPUs: 6 total, 6 available
 Memory: 7564M
 Large Page Support: Disabled
 NUMA Support: Disabled
 Compressed Oops: Enabled (32-bit)
 Heap Region Size: 1M
 Heap Min Capacity: 8M
 Heap Initial Capacity: 120M
 Heap Max Capacity: 1892M
 Pre-touch: Disabled
 Parallel Workers: 6
 Concurrent Workers: 2
 Concurrent Refinement Workers: 6
 Periodic GC: Disabled

Heap:
 garbage-first heap   total 122880K, used 1024K [0x0000000089c00000, 0x0000000100000000)
  region size 1024K, 2 young (2048K), 0 survivors (0K)
 Metaspace       used 4523K, committed 4736K, reserved 1114112K
  class space    used 350K, committed 448K, reserved 1048576K

Heap Regions: E=young(eden), S=young(survivor), O=old, HS=humongous(starts), HC=humongous(continues), CS=collection set, F=free, OA=open archive, CA=closed archive, TAMS=top-at-mark-start (previous, next)
|   0|0x0000000089c00000, 0x0000000089c00000, 0x0000000089d00000|  0%| F|  |TAMS 0x0000000089c00000, 0x0000000089c00000| Untracked 
|   1|0x0000000089d00000, 0x0000000089d00000, 0x0000000089e00000|  0%| F|  |TAMS 0x0000000089d00000, 0x0000000089d00000| Untracked 
|   2|0x0000000089e00000, 0x0000000089e00000, 0x0000000089f00000|  0%| F|  |TAMS 0x0000000089e00000, 0x0000000089e00000| Untracked 
|   3|0x0000000089f00000, 0x0000000089f00000, 0x000000008a000000|  0%| F|  |TAMS 0x0000000089f00000, 0x0000000089f00000| Untracked 
|   4|0x000000008a000000, 0x000000008a000000, 0x000000008a100000|  0%| F|  |TAMS 0x000000008a000000, 0x000000008a000000| Untracked 
|   5|0x000000008a100000, 0x000000008a100000, 0x000000008a200000|  0%| F|  |TAMS 0x000000008a100000, 0x000000008a100000| Untracked 
|   6|0x000000008a200000, 0x000000008a200000, 0x000000008a300000|  0%| F|  |TAMS 0x000000008a200000, 0x000000008a200000| Untracked 
|   7|0x000000008a300000, 0x000000008a300000, 0x000000008a400000|  0%| F|  |TAMS 0x000000008a300000, 0x000000008a300000| Untracked 
|   8|0x000000008a400000, 0x000000008a400000, 0x000000008a500000|  0%| F|  |TAMS 0x000000008a400000, 0x000000008a400000| Untracked 
|   9|0x000000008a500000, 0x000000008a500000, 0x000000008a600000|  0%| F|  |TAMS 0x000000008a500000, 0x000000008a500000| Untracked 
|  10|0x000000008a600000, 0x000000008a600000, 0x000000008a700000|  0%| F|  |TAMS 0x000000008a600000, 0x000000008a600000| Untracked 
|  11|0x000000008a700000, 0x000000008a700000, 0x000000008a800000|  0%| F|  |TAMS 0x000000008a700000, 0x000000008a700000| Untracked 
|  12|0x000000008a800000, 0x000000008a800000, 0x000000008a900000|  0%| F|  |TAMS 0x000000008a800000, 0x000000008a800000| Untracked 
|  13|0x000000008a900000, 0x000000008a900000, 0x000000008aa00000|  0%| F|  |TAMS 0x000000008a900000, 0x000000008a900000| Untracked 
|  14|0x000000008aa00000, 0x000000008aa00000, 0x000000008ab00000|  0%| F|  |TAMS 0x000000008aa00000, 0x000000008aa00000| Untracked 
|  15|0x000000008ab00000, 0x000000008ab00000, 0x000000008ac00000|  0%| F|  |TAMS 0x000000008ab00000, 0x000000008ab00000| Untracked 
|  16|0x000000008ac00000, 0x000000008ac00000, 0x000000008ad00000|  0%| F|  |TAMS 0x000000008ac00000, 0x000000008ac00000| Untracked 
|  17|0x000000008ad00000, 0x000000008ad00000, 0x000000008ae00000|  0%| F|  |TAMS 0x000000008ad00000, 0x000000008ad00000| Untracked 
|  18|0x000000008ae00000, 0x000000008ae00000, 0x000000008af00000|  0%| F|  |TAMS 0x000000008ae00000, 0x000000008ae00000| Untracked 
|  19|0x000000008af00000, 0x000000008af00000, 0x000000008b000000|  0%| F|  |TAMS 0x000000008af00000, 0x000000008af00000| Untracked 
|  20|0x000000008b000000, 0x000000008b000000, 0x000000008b100000|  0%| F|  |TAMS 0x000000008b000000, 0x000000008b000000| Untracked 
|  21|0x000000008b100000, 0x000000008b100000, 0x000000008b200000|  0%| F|  |TAMS 0x000000008b100000, 0x000000008b100000| Untracked 
|  22|0x000000008b200000, 0x000000008b200000, 0x000000008b300000|  0%| F|  |TAMS 0x000000008b200000, 0x000000008b200000| Untracked 
|  23|0x000000008b300000, 0x000000008b300000, 0x000000008b400000|  0%| F|  |TAMS 0x000000008b300000, 0x000000008b300000| Untracked 
|  24|0x000000008b400000, 0x000000008b400000, 0x000000008b500000|  0%| F|  |TAMS 0x000000008b400000, 0x000000008b400000| Untracked 
|  25|0x000000008b500000, 0x000000008b500000, 0x000000008b600000|  0%| F|  |TAMS 0x000000008b500000, 0x000000008b500000| Untracked 
|  26|0x000000008b600000, 0x000000008b600000, 0x000000008b700000|  0%| F|  |TAMS 0x000000008b600000, 0x000000008b600000| Untracked 
|  27|0x000000008b700000, 0x000000008b700000, 0x000000008b800000|  0%| F|  |TAMS 0x000000008b700000, 0x000000008b700000| Untracked 
|  28|0x000000008b800000, 0x000000008b800000, 0x000000008b900000|  0%| F|  |TAMS 0x000000008b800000, 0x000000008b800000| Untracked 
|  29|0x000000008b900000, 0x000000008b900000, 0x000000008ba00000|  0%| F|  |TAMS 0x000000008b900000, 0x000000008b900000| Untracked 
|  30|0x000000008ba00000, 0x000000008ba00000, 0x000000008bb00000|  0%| F|  |TAMS 0x000000008ba00000, 0x000000008ba00000| Untracked 
|  31|0x000000008bb00000, 0x000000008bb00000, 0x000000008bc00000|  0%| F|  |TAMS 0x000000008bb00000, 0x000000008bb00000| Untracked 
|  32|0x000000008bc00000, 0x000000008bc00000, 0x000000008bd00000|  0%| F|  |TAMS 0x000000008bc00000, 0x000000008bc00000| Untracked 
|  33|0x000000008bd00000, 0x000000008bd00000, 0x000000008be00000|  0%| F|  |TAMS 0x000000008bd00000, 0x000000008bd00000| Untracked 
|  34|0x000000008be00000, 0x000000008be00000, 0x000000008bf00000|  0%| F|  |TAMS 0x000000008be00000, 0x000000008be00000| Untracked 
|  35|0x000000008bf00000, 0x000000008bf00000, 0x000000008c000000|  0%| F|  |TAMS 0x000000008bf00000, 0x000000008bf00000| Untracked 
|  36|0x000000008c000000, 0x000000008c000000, 0x000000008c100000|  0%| F|  |TAMS 0x000000008c000000, 0x000000008c000000| Untracked 
|  37|0x000000008c100000, 0x000000008c100000, 0x000000008c200000|  0%| F|  |TAMS 0x000000008c100000, 0x000000008c100000| Untracked 
|  38|0x000000008c200000, 0x000000008c200000, 0x000000008c300000|  0%| F|  |TAMS 0x000000008c200000, 0x000000008c200000| Untracked 
|  39|0x000000008c300000, 0x000000008c300000, 0x000000008c400000|  0%| F|  |TAMS 0x000000008c300000, 0x000000008c300000| Untracked 
|  40|0x000000008c400000, 0x000000008c400000, 0x000000008c500000|  0%| F|  |TAMS 0x000000008c400000, 0x000000008c400000| Untracked 
|  41|0x000000008c500000, 0x000000008c500000, 0x000000008c600000|  0%| F|  |TAMS 0x000000008c500000, 0x000000008c500000| Untracked 
|  42|0x000000008c600000, 0x000000008c600000, 0x000000008c700000|  0%| F|  |TAMS 0x000000008c600000, 0x000000008c600000| Untracked 
|  43|0x000000008c700000, 0x000000008c700000, 0x000000008c800000|  0%| F|  |TAMS 0x000000008c700000, 0x000000008c700000| Untracked 
|  44|0x000000008c800000, 0x000000008c800000, 0x000000008c900000|  0%| F|  |TAMS 0x000000008c800000, 0x000000008c800000| Untracked 
|  45|0x000000008c900000, 0x000000008c900000, 0x000000008ca00000|  0%| F|  |TAMS 0x000000008c900000, 0x000000008c900000| Untracked 
|  46|0x000000008ca00000, 0x000000008ca00000, 0x000000008cb00000|  0%| F|  |TAMS 0x000000008ca00000, 0x000000008ca00000| Untracked 
|  47|0x000000008cb00000, 0x000000008cb00000, 0x000000008cc00000|  0%| F|  |TAMS 0x000000008cb00000, 0x000000008cb00000| Untracked 
|  48|0x000000008cc00000, 0x000000008cc00000, 0x000000008cd00000|  0%| F|  |TAMS 0x000000008cc00000, 0x000000008cc00000| Untracked 
|  49|0x000000008cd00000, 0x000000008cd00000, 0x000000008ce00000|  0%| F|  |TAMS 0x000000008cd00000, 0x000000008cd00000| Untracked 
|  50|0x000000008ce00000, 0x000000008ce00000, 0x000000008cf00000|  0%| F|  |TAMS 0x000000008ce00000, 0x000000008ce00000| Untracked 
|  51|0x000000008cf00000, 0x000000008cf00000, 0x000000008d000000|  0%| F|  |TAMS 0x000000008cf00000, 0x000000008cf00000| Untracked 
|  52|0x000000008d000000, 0x000000008d000000, 0x000000008d100000|  0%| F|  |TAMS 0x000000008d000000, 0x000000008d000000| Untracked 
|  53|0x000000008d100000, 0x000000008d100000, 0x000000008d200000|  0%| F|  |TAMS 0x000000008d100000, 0x000000008d100000| Untracked 
|  54|0x000000008d200000, 0x000000008d200000, 0x000000008d300000|  0%| F|  |TAMS 0x000000008d200000, 0x000000008d200000| Untracked 
|  55|0x000000008d300000, 0x000000008d300000, 0x000000008d400000|  0%| F|  |TAMS 0x000000008d300000, 0x000000008d300000| Untracked 
|  56|0x000000008d400000, 0x000000008d400000, 0x000000008d500000|  0%| F|  |TAMS 0x000000008d400000, 0x000000008d400000| Untracked 
|  57|0x000000008d500000, 0x000000008d500000, 0x000000008d600000|  0%| F|  |TAMS 0x000000008d500000, 0x000000008d500000| Untracked 
|  58|0x000000008d600000, 0x000000008d600000, 0x000000008d700000|  0%| F|  |TAMS 0x000000008d600000, 0x000000008d600000| Untracked 
|  59|0x000000008d700000, 0x000000008d700000, 0x000000008d800000|  0%| F|  |TAMS 0x000000008d700000, 0x000000008d700000| Untracked 
|  60|0x000000008d800000, 0x000000008d800000, 0x000000008d900000|  0%| F|  |TAMS 0x000000008d800000, 0x000000008d800000| Untracked 
|  61|0x000000008d900000, 0x000000008d900000, 0x000000008da00000|  0%| F|  |TAMS 0x000000008d900000, 0x000000008d900000| Untracked 
|  62|0x000000008da00000, 0x000000008da00000, 0x000000008db00000|  0%| F|  |TAMS 0x000000008da00000, 0x000000008da00000| Untracked 
|  63|0x000000008db00000, 0x000000008db00000, 0x000000008dc00000|  0%| F|  |TAMS 0x000000008db00000, 0x000000008db00000| Untracked 
|  64|0x000000008dc00000, 0x000000008dc00000, 0x000000008dd00000|  0%| F|  |TAMS 0x000000008dc00000, 0x000000008dc00000| Untracked 
|  65|0x000000008dd00000, 0x000000008dd00000, 0x000000008de00000|  0%| F|  |TAMS 0x000000008dd00000, 0x000000008dd00000| Untracked 
|  66|0x000000008de00000, 0x000000008de00000, 0x000000008df00000|  0%| F|  |TAMS 0x000000008de00000, 0x000000008de00000| Untracked 
|  67|0x000000008df00000, 0x000000008df00000, 0x000000008e000000|  0%| F|  |TAMS 0x000000008df00000, 0x000000008df00000| Untracked 
|  68|0x000000008e000000, 0x000000008e000000, 0x000000008e100000|  0%| F|  |TAMS 0x000000008e000000, 0x000000008e000000| Untracked 
|  69|0x000000008e100000, 0x000000008e100000, 0x000000008e200000|  0%| F|  |TAMS 0x000000008e100000, 0x000000008e100000| Untracked 
|  70|0x000000008e200000, 0x000000008e200000, 0x000000008e300000|  0%| F|  |TAMS 0x000000008e200000, 0x000000008e200000| Untracked 
|  71|0x000000008e300000, 0x000000008e300000, 0x000000008e400000|  0%| F|  |TAMS 0x000000008e300000, 0x000000008e300000| Untracked 
|  72|0x000000008e400000, 0x000000008e400000, 0x000000008e500000|  0%| F|  |TAMS 0x000000008e400000, 0x000000008e400000| Untracked 
|  73|0x000000008e500000, 0x000000008e500000, 0x000000008e600000|  0%| F|  |TAMS 0x000000008e500000, 0x000000008e500000| Untracked 
|  74|0x000000008e600000, 0x000000008e600000, 0x000000008e700000|  0%| F|  |TAMS 0x000000008e600000, 0x000000008e600000| Untracked 
|  75|0x000000008e700000, 0x000000008e700000, 0x000000008e800000|  0%| F|  |TAMS 0x000000008e700000, 0x000000008e700000| Untracked 
|  76|0x000000008e800000, 0x000000008e800000, 0x000000008e900000|  0%| F|  |TAMS 0x000000008e800000, 0x000000008e800000| Untracked 
|  77|0x000000008e900000, 0x000000008e900000, 0x000000008ea00000|  0%| F|  |TAMS 0x000000008e900000, 0x000000008e900000| Untracked 
|  78|0x000000008ea00000, 0x000000008ea00000, 0x000000008eb00000|  0%| F|  |TAMS 0x000000008ea00000, 0x000000008ea00000| Untracked 
|  79|0x000000008eb00000, 0x000000008eb00000, 0x000000008ec00000|  0%| F|  |TAMS 0x000000008eb00000, 0x000000008eb00000| Untracked 
|  80|0x000000008ec00000, 0x000000008ec00000, 0x000000008ed00000|  0%| F|  |TAMS 0x000000008ec00000, 0x000000008ec00000| Untracked 
|  81|0x000000008ed00000, 0x000000008ed00000, 0x000000008ee00000|  0%| F|  |TAMS 0x000000008ed00000, 0x000000008ed00000| Untracked 
|  82|0x000000008ee00000, 0x000000008ee00000, 0x000000008ef00000|  0%| F|  |TAMS 0x000000008ee00000, 0x000000008ee00000| Untracked 
|  83|0x000000008ef00000, 0x000000008ef00000, 0x000000008f000000|  0%| F|  |TAMS 0x000000008ef00000, 0x000000008ef00000| Untracked 
|  84|0x000000008f000000, 0x000000008f000000, 0x000000008f100000|  0%| F|  |TAMS 0x000000008f000000, 0x000000008f000000| Untracked 
|  85|0x000000008f100000, 0x000000008f100000, 0x000000008f200000|  0%| F|  |TAMS 0x000000008f100000, 0x000000008f100000| Untracked 
|  86|0x000000008f200000, 0x000000008f200000, 0x000000008f300000|  0%| F|  |TAMS 0x000000008f200000, 0x000000008f200000| Untracked 
|  87|0x000000008f300000, 0x000000008f300000, 0x000000008f400000|  0%| F|  |TAMS 0x000000008f300000, 0x000000008f300000| Untracked 
|  88|0x000000008f400000, 0x000000008f400000, 0x000000008f500000|  0%| F|  |TAMS 0x000000008f400000, 0x000000008f400000| Untracked 
|  89|0x000000008f500000, 0x000000008f500000, 0x000000008f600000|  0%| F|  |TAMS 0x000000008f500000, 0x000000008f500000| Untracked 
|  90|0x000000008f600000, 0x000000008f600000, 0x000000008f700000|  0%| F|  |TAMS 0x000000008f600000, 0x000000008f600000| Untracked 
|  91|0x000000008f700000, 0x000000008f700000, 0x000000008f800000|  0%| F|  |TAMS 0x000000008f700000, 0x000000008f700000| Untracked 
|  92|0x000000008f800000, 0x000000008f800000, 0x000000008f900000|  0%| F|  |TAMS 0x000000008f800000, 0x000000008f800000| Untracked 
|  93|0x000000008f900000, 0x000000008f900000, 0x000000008fa00000|  0%| F|  |TAMS 0x000000008f900000, 0x000000008f900000| Untracked 
|  94|0x000000008fa00000, 0x000000008fa00000, 0x000000008fb00000|  0%| F|  |TAMS 0x000000008fa00000, 0x000000008fa00000| Untracked 
|  95|0x000000008fb00000, 0x000000008fb00000, 0x000000008fc00000|  0%| F|  |TAMS 0x000000008fb00000, 0x000000008fb00000| Untracked 
|  96|0x000000008fc00000, 0x000000008fc00000, 0x000000008fd00000|  0%| F|  |TAMS 0x000000008fc00000, 0x000000008fc00000| Untracked 
|  97|0x000000008fd00000, 0x000000008fd00000, 0x000000008fe00000|  0%| F|  |TAMS 0x000000008fd00000, 0x000000008fd00000| Untracked 
|  98|0x000000008fe00000, 0x000000008fe00000, 0x000000008ff00000|  0%| F|  |TAMS 0x000000008fe00000, 0x000000008fe00000| Untracked 
|  99|0x000000008ff00000, 0x000000008ff00000, 0x0000000090000000|  0%| F|  |TAMS 0x000000008ff00000, 0x000000008ff00000| Untracked 
| 100|0x0000000090000000, 0x0000000090000000, 0x0000000090100000|  0%| F|  |TAMS 0x0000000090000000, 0x0000000090000000| Untracked 
| 101|0x0000000090100000, 0x0000000090100000, 0x0000000090200000|  0%| F|  |TAMS 0x0000000090100000, 0x0000000090100000| Untracked 
| 102|0x0000000090200000, 0x0000000090200000, 0x0000000090300000|  0%| F|  |TAMS 0x0000000090200000, 0x0000000090200000| Untracked 
| 103|0x0000000090300000, 0x0000000090300000, 0x0000000090400000|  0%| F|  |TAMS 0x0000000090300000, 0x0000000090300000| Untracked 
| 104|0x0000000090400000, 0x0000000090400000, 0x0000000090500000|  0%| F|  |TAMS 0x0000000090400000, 0x0000000090400000| Untracked 
| 105|0x0000000090500000, 0x0000000090500000, 0x0000000090600000|  0%| F|  |TAMS 0x0000000090500000, 0x0000000090500000| Untracked 
| 106|0x0000000090600000, 0x0000000090600000, 0x0000000090700000|  0%| F|  |TAMS 0x0000000090600000, 0x0000000090600000| Untracked 
| 107|0x0000000090700000, 0x0000000090700000, 0x0000000090800000|  0%| F|  |TAMS 0x0000000090700000, 0x0000000090700000| Untracked 
| 108|0x0000000090800000, 0x0000000090800000, 0x0000000090900000|  0%| F|  |TAMS 0x0000000090800000, 0x0000000090800000| Untracked 
| 109|0x0000000090900000, 0x0000000090900000, 0x0000000090a00000|  0%| F|  |TAMS 0x0000000090900000, 0x0000000090900000| Untracked 
| 110|0x0000000090a00000, 0x0000000090a00000, 0x0000000090b00000|  0%| F|  |TAMS 0x0000000090a00000, 0x0000000090a00000| Untracked 
| 111|0x0000000090b00000, 0x0000000090b00000, 0x0000000090c00000|  0%| F|  |TAMS 0x0000000090b00000, 0x0000000090b00000| Untracked 
| 112|0x0000000090c00000, 0x0000000090c00000, 0x0000000090d00000|  0%| F|  |TAMS 0x0000000090c00000, 0x0000000090c00000| Untracked 
| 113|0x0000000090d00000, 0x0000000090d00000, 0x0000000090e00000|  0%| F|  |TAMS 0x0000000090d00000, 0x0000000090d00000| Untracked 
| 114|0x0000000090e00000, 0x0000000090e00000, 0x0000000090f00000|  0%| F|  |TAMS 0x0000000090e00000, 0x0000000090e00000| Untracked 
| 115|0x0000000090f00000, 0x0000000090f00000, 0x0000000091000000|  0%| F|  |TAMS 0x0000000090f00000, 0x0000000090f00000| Untracked 
| 116|0x0000000091000000, 0x0000000091000000, 0x0000000091100000|  0%| F|  |TAMS 0x0000000091000000, 0x0000000091000000| Untracked 
| 117|0x0000000091100000, 0x0000000091100000, 0x0000000091200000|  0%| F|  |TAMS 0x0000000091100000, 0x0000000091100000| Untracked 
| 118|0x0000000091200000, 0x0000000091300000, 0x0000000091300000|100%| E|  |TAMS 0x0000000091200000, 0x0000000091200000| Complete 
| 119|0x0000000091300000, 0x0000000091400000, 0x0000000091400000|100%| E|CS|TAMS 0x0000000091300000, 0x0000000091300000| Complete 

Card table byte_map: [0x000001e0d5b70000,0x000001e0d5f30000] _byte_map_base: 0x000001e0d5722000

Marking Bits (Prev, Next): (CMBitMap*) 0x000001e0bc895470, (CMBitMap*) 0x000001e0bc8954b0
 Prev Bits: [0x000001e0d62f0000, 0x000001e0d8080000)
 Next Bits: [0x000001e0d8080000, 0x000001e0d9e10000)

Polling page: 0x000001e0bc900000

Metaspace:

Usage:
  Non-class:      4.16 MB used.
      Class:    354.98 KB used.
       Both:      4.51 MB used.

Virtual space:
  Non-class space:       64.00 MB reserved,       4.25 MB (  7%) committed,  1 nodes.
      Class space:        1.00 GB reserved,     448.00 KB ( <1%) committed,  1 nodes.
             Both:        1.06 GB reserved,       4.69 MB ( <1%) committed. 

Chunk freelists:
   Non-Class:  3.00 MB
       Class:  3.62 MB
        Both:  6.61 MB

MaxMetaspaceSize: unlimited
CompressedClassSpaceSize: 1.00 GB
Initial GC threshold: 21.00 MB
Current GC threshold: 21.00 MB
CDS: off
MetaspaceReclaimPolicy: balanced
 - commit_granule_bytes: 65536.
 - commit_granule_words: 8192.
 - virtual_space_node_default_size: 8388608.
 - enlarge_chunks_in_place: 1.
 - new_chunks_are_fully_committed: 0.
 - uncommit_free_chunks: 1.
 - use_allocation_guard: 0.


Internal statistics:

num_allocs_failed_limit: 0.
num_arena_births: 4.
num_arena_deaths: 0.
num_vsnodes_births: 2.
num_vsnodes_deaths: 0.
num_space_committed: 75.
num_space_uncommitted: 0.
num_chunks_returned_to_freelist: 0.
num_chunks_taken_from_freelist: 7.
num_chunk_merges: 0.
num_chunk_splits: 2.
num_chunks_enlarged: 0.
num_inconsistent_stats: 0.

CodeHeap 'non-profiled nmethods': size=120000Kb used=6Kb max_used=6Kb free=119993Kb
 bounds [0x000001e0cda30000, 0x000001e0cdca0000, 0x000001e0d4f60000]
CodeHeap 'profiled nmethods': size=120000Kb used=38Kb max_used=38Kb free=119961Kb
 bounds [0x000001e0c5f60000, 0x000001e0c61d0000, 0x000001e0cd490000]
CodeHeap 'non-nmethods': size=5760Kb used=1131Kb max_used=1131Kb free=4628Kb
 bounds [0x000001e0cd490000, 0x000001e0cd700000, 0x000001e0cda30000]
 total_blobs=340 nmethods=34 adapters=217
 compilation: enabled
              stopped_count=0, restarted_count=0
 full_count=0

Compilation events (20 events):
Event: 0.168 Thread 0x000001e0e089e280 nmethod 23 0x000001e0cda30a10 code [0x000001e0cda30ba0, 0x000001e0cda30c58]
Event: 0.182 Thread 0x000001e0e089e280   24       3       java.util.ImmutableCollections$SetN$SetNIterator::hasNext (13 bytes)
Event: 0.182 Thread 0x000001e0e089e280 nmethod 24 0x000001e0c5f66e90 code [0x000001e0c5f67020, 0x000001e0c5f67198]
Event: 0.182 Thread 0x000001e0e089e280   25       3       java.util.concurrent.ConcurrentHashMap::tabAt (22 bytes)
Event: 0.183 Thread 0x000001e0e089e280 nmethod 25 0x000001e0c5f67210 code [0x000001e0c5f673c0, 0x000001e0c5f67698]
Event: 0.183 Thread 0x000001e0e089e280   26       3       jdk.internal.misc.Unsafe::getReferenceAcquire (7 bytes)
Event: 0.183 Thread 0x000001e0e089e280 nmethod 26 0x000001e0c5f67790 code [0x000001e0c5f67920, 0x000001e0c5f67a78]
Event: 0.183 Thread 0x000001e0e089e280   27       1       java.util.KeyValueHolder::getKey (5 bytes)
Event: 0.183 Thread 0x000001e0e089e280 nmethod 27 0x000001e0cda30d10 code [0x000001e0cda30ea0, 0x000001e0cda30f58]
Event: 0.183 Thread 0x000001e0e089e280   28       1       java.util.KeyValueHolder::getValue (5 bytes)
Event: 0.183 Thread 0x000001e0e089e280 nmethod 28 0x000001e0cda31010 code [0x000001e0cda311a0, 0x000001e0cda31258]
Event: 0.184 Thread 0x000001e0e089e280   29       3       java.util.KeyValueHolder::<init> (21 bytes)
Event: 0.185 Thread 0x000001e0e089e280 nmethod 29 0x000001e0c5f67b10 code [0x000001e0c5f67d00, 0x000001e0c5f681d8]
Event: 0.185 Thread 0x000001e0e089e280   30       3       java.util.ImmutableCollections$MapN::probe (60 bytes)
Event: 0.185 Thread 0x000001e0e089e280 nmethod 30 0x000001e0c5f68390 code [0x000001e0c5f68580, 0x000001e0c5f68ab8]
Event: 0.185 Thread 0x000001e0e089e280   32       3       java.util.ImmutableCollections$SetN$SetNIterator::next (90 bytes)
Event: 0.185 Thread 0x000001e0e089e280 nmethod 32 0x000001e0c5f68d10 code [0x000001e0c5f68ee0, 0x000001e0c5f69208]
Event: 0.186 Thread 0x000001e0e089e280   31       3       java.util.Objects::equals (23 bytes)
Event: 0.186 Thread 0x000001e0e089e280 nmethod 31 0x000001e0c5f69390 code [0x000001e0c5f69540, 0x000001e0c5f697a8]
Event: 0.186 Thread 0x000001e0e089e280   38   !   3       java.util.concurrent.ConcurrentHashMap::putVal (432 bytes)

GC Heap History (0 events):
No events

Dll operation events (2 events):
Event: 0.010 Loaded shared library C:\Program Files\Java\jdk-19\bin\java.dll
Event: 0.084 Loaded shared library C:\Program Files\Java\jdk-19\bin\jsvml.dll

Deoptimization events (0 events):
No events

Classes loaded (20 events):
Event: 0.183 Loading class java/lang/module/Configuration
Event: 0.183 Loading class java/lang/module/Configuration done
Event: 0.183 Loading class java/lang/module/ResolvedModule
Event: 0.184 Loading class java/lang/module/ResolvedModule done
Event: 0.184 Loading class java/util/AbstractMap$1
Event: 0.184 Loading class java/util/AbstractMap$1 done
Event: 0.184 Loading class java/util/AbstractMap$1$1
Event: 0.184 Loading class java/util/AbstractMap$1$1 done
Event: 0.185 Loading class jdk/internal/module/ModuleLoaderMap
Event: 0.185 Loading class jdk/internal/module/ModuleLoaderMap done
Event: 0.185 Loading class jdk/internal/module/ModuleLoaderMap$Mapper
Event: 0.185 Loading class jdk/internal/module/ModuleLoaderMap$Mapper done
Event: 0.185 Loading class jdk/internal/module/ModuleLoaderMap$Modules
Event: 0.185 Loading class jdk/internal/module/ModuleLoaderMap$Modules done
Event: 0.187 Loading class java/lang/ModuleLayer
Event: 0.187 Loading class java/lang/ModuleLayer done
Event: 0.187 Loading class java/util/ImmutableCollections$ListItr
Event: 0.187 Loading class java/util/ListIterator
Event: 0.187 Loading class java/util/ListIterator done
Event: 0.187 Loading class java/util/ImmutableCollections$ListItr done

Classes unloaded (0 events):
No events

Classes redefined (0 events):
No events

Internal exceptions (0 events):
No events

VM Operations (0 events):
No events

Events (10 events):
Event: 0.084 Thread 0x000001e0bc839510 Thread added: 0x000001e0bc839510
Event: 0.138 Thread 0x000001e0e0871010 Thread added: 0x000001e0e0871010
Event: 0.139 Thread 0x000001e0e0871550 Thread added: 0x000001e0e0871550
Event: 0.141 Thread 0x000001e0e0874f40 Thread added: 0x000001e0e0874f40
Event: 0.141 Thread 0x000001e0e0877ca0 Thread added: 0x000001e0e0877ca0
Event: 0.141 Thread 0x000001e0e088d920 Thread added: 0x000001e0e088d920
Event: 0.141 Thread 0x000001e0e0890050 Thread added: 0x000001e0e0890050
Event: 0.141 Thread 0x000001e0e089d8f0 Thread added: 0x000001e0e089d8f0
Event: 0.142 Thread 0x000001e0e089e280 Thread added: 0x000001e0e089e280
Event: 0.142 Thread 0x000001e0e088f8e0 Thread added: 0x000001e0e088f8e0


Dynamic libraries:
0x00007ff728ed0000 - 0x00007ff728ee0000 	C:\Program Files\Java\jdk-19\bin\javaw.exe
0x00007ffde3090000 - 0x00007ffde32a4000 	C:\WINDOWS\SYSTEM32\ntdll.dll
0x00007ffde2c80000 - 0x00007ffde2d42000 	C:\WINDOWS\System32\KERNEL32.DLL
0x00007ffde07b0000 - 0x00007ffde0b53000 	C:\WINDOWS\System32\KERNELBASE.dll
0x00007ffde04c0000 - 0x00007ffde05d1000 	C:\WINDOWS\System32\ucrtbase.dll
0x00007ffd6c880000 - 0x00007ffd6c898000 	C:\Program Files\Java\jdk-19\bin\jli.dll
0x00007ffd6c860000 - 0x00007ffd6c87b000 	C:\Program Files\Java\jdk-19\bin\VCRUNTIME140.dll
0x00007ffde2dd0000 - 0x00007ffde2e7e000 	C:\WINDOWS\System32\ADVAPI32.dll
0x00007ffde2530000 - 0x00007ffde25d7000 	C:\WINDOWS\System32\msvcrt.dll
0x00007ffde1b20000 - 0x00007ffde1bc4000 	C:\WINDOWS\System32\sechost.dll
0x00007ffde1330000 - 0x00007ffde1447000 	C:\WINDOWS\System32\RPCRT4.dll
0x00007ffde1860000 - 0x00007ffde1a0a000 	C:\WINDOWS\System32\USER32.dll
0x00007ffde0490000 - 0x00007ffde04b6000 	C:\WINDOWS\System32\win32u.dll
0x00007ffdbf330000 - 0x00007ffdbf5be000 	C:\WINDOWS\WinSxS\amd64_microsoft.windows.common-controls_6595b64144ccf1df_6.0.22621.1635_none_270f70857386168e\COMCTL32.dll
0x00007ffde1830000 - 0x00007ffde1859000 	C:\WINDOWS\System32\GDI32.dll
0x00007ffde0cd0000 - 0x00007ffde0de9000 	C:\WINDOWS\System32\gdi32full.dll
0x00007ffde06a0000 - 0x00007ffde073a000 	C:\WINDOWS\System32\msvcp_win.dll
0x00007ffdd6530000 - 0x00007ffdd653a000 	C:\WINDOWS\SYSTEM32\VERSION.dll
0x00007ffde1450000 - 0x00007ffde1481000 	C:\WINDOWS\System32\IMM32.DLL
0x00007ffdae550000 - 0x00007ffdae55c000 	C:\Program Files\Java\jdk-19\bin\vcruntime140_1.dll
0x00007ffd685a0000 - 0x00007ffd6862e000 	C:\Program Files\Java\jdk-19\bin\msvcp140.dll
0x00007ffd54d40000 - 0x00007ffd55a00000 	C:\Program Files\Java\jdk-19\bin\server\jvm.dll
0x00007ffdd6a80000 - 0x00007ffdd6ab4000 	C:\WINDOWS\SYSTEM32\WINMM.dll
0x00007ffdcae60000 - 0x00007ffdcae69000 	C:\WINDOWS\SYSTEM32\WSOCK32.dll
0x00007ffde2d50000 - 0x00007ffde2dc1000 	C:\WINDOWS\System32\WS2_32.dll
0x00007ffddf4d0000 - 0x00007ffddf4e8000 	C:\WINDOWS\SYSTEM32\kernel.appcore.dll
0x00007ffdab940000 - 0x00007ffdab94a000 	C:\Program Files\Java\jdk-19\bin\jimage.dll
0x00007ffdddd90000 - 0x00007ffdddfbe000 	C:\WINDOWS\SYSTEM32\DBGHELP.DLL
0x00007ffde0f80000 - 0x00007ffde1309000 	C:\WINDOWS\System32\combase.dll
0x00007ffde1c50000 - 0x00007ffde1d27000 	C:\WINDOWS\System32\OLEAUT32.dll
0x00007ffdc1880000 - 0x00007ffdc18b2000 	C:\WINDOWS\SYSTEM32\dbgcore.DLL
0x00007ffde0df0000 - 0x00007ffde0e6a000 	C:\WINDOWS\System32\bcryptPrimitives.dll
0x00007ffd68700000 - 0x00007ffd68726000 	C:\Program Files\Java\jdk-19\bin\java.dll
0x00007ffd67530000 - 0x00007ffd67607000 	C:\Program Files\Java\jdk-19\bin\jsvml.dll
0x00007ffde1d30000 - 0x00007ffde2529000 	C:\WINDOWS\System32\SHELL32.dll
0x00007ffdde440000 - 0x00007ffdded0e000 	C:\WINDOWS\SYSTEM32\windows.storage.dll
0x00007ffdde300000 - 0x00007ffdde43e000 	C:\WINDOWS\SYSTEM32\wintypes.dll
0x00007ffde1a20000 - 0x00007ffde1b11000 	C:\WINDOWS\System32\SHCORE.dll
0x00007ffde17d0000 - 0x00007ffde182e000 	C:\WINDOWS\System32\shlwapi.dll
0x00007ffde03c0000 - 0x00007ffde03e6000 	C:\WINDOWS\SYSTEM32\profapi.dll

dbghelp: loaded successfully - version: 4.0.5 - missing functions: none
symbol engine: initialized successfully - sym options: 0x614 - pdb path: .;C:\Program Files\Java\jdk-19\bin;C:\WINDOWS\SYSTEM32;C:\WINDOWS\WinSxS\amd64_microsoft.windows.common-controls_6595b64144ccf1df_6.0.22621.1635_none_270f70857386168e;C:\Program Files\Java\jdk-19\bin\server

VM Arguments:
jvm_args: -Dfile.encoding=UTF-8 -XX:+ShowCodeDetailsInExceptionMessages 
java_command: travel.management.system.ForgetPassword
java_class_path (initial): D:\eclipse JEE\JEE-workspace\Travel_Management_System\bin;C:\mysql-connector-j-8.0.33.jar
Launcher Type: SUN_STANDARD

[Global flags]
     intx CICompilerCount                          = 3                                         {product} {ergonomic}
     uint ConcGCThreads                            = 2                                         {product} {ergonomic}
     uint G1ConcRefinementThreads                  = 6                                         {product} {ergonomic}
   size_t G1HeapRegionSize                         = 1048576                                   {product} {ergonomic}
    uintx GCDrainStackTargetSize                   = 64                                        {product} {ergonomic}
   size_t InitialHeapSize                          = 125829120                                 {product} {ergonomic}
   size_t MarkStackSize                            = 4194304                                   {product} {ergonomic}
   size_t MaxHeapSize                              = 1983905792                                {product} {ergonomic}
   size_t MaxNewSize                               = 1190133760                                {product} {ergonomic}
   size_t MinHeapDeltaBytes                        = 1048576                                   {product} {ergonomic}
   size_t MinHeapSize                              = 8388608                                   {product} {ergonomic}
    uintx NonNMethodCodeHeapSize                   = 5832780                                {pd product} {ergonomic}
    uintx NonProfiledCodeHeapSize                  = 122912730                              {pd product} {ergonomic}
    uintx ProfiledCodeHeapSize                     = 122912730                              {pd product} {ergonomic}
    uintx ReservedCodeCacheSize                    = 251658240                              {pd product} {ergonomic}
     bool SegmentedCodeCache                       = true                                      {product} {ergonomic}
     bool ShowCodeDetailsInExceptionMessages       = true                                   {manageable} {command line}
   size_t SoftMaxHeapSize                          = 1983905792                             {manageable} {ergonomic}
     bool UseCompressedClassPointers               = true                           {product lp64_product} {ergonomic}
     bool UseCompressedOops                        = true                           {product lp64_product} {ergonomic}
     bool UseG1GC                                  = true                                      {product} {ergonomic}
     bool UseLargePagesIndividualAllocation        = false                                  {pd product} {ergonomic}

Logging:
Log output configuration:
 #0: stdout all=warning uptime,level,tags foldmultilines=false
 #1: stderr all=off uptime,level,tags foldmultilines=false

Environment Variables:
JAVA_HOME=C:\Program Files\Java\jdk-19
CLASSPATH=C:\mysql-connector-j-8.0.33.jar;.;
PATH=C:\Python311\Scripts\;C:\Python311\;D:\oracle\product\10.2.0\db_1\bin;C:\Program Files\Common Files\Oracle\Java\javapath;C:\Program Files (x86)\Common Files\Oracle\Java\javapath;C:\WINDOWS\system32;C:\WINDOWS;C:\WINDOWS\System32\Wbem;C:\WINDOWS\System32\WindowsPowerShell\v1.0\;C:\WINDOWS\System32\OpenSSH\;C:\Program Files\Java\jdk-19\bin;C:\Program Files\Common Files\Oracle\Java\javapath;C:\Program Files\nodejs\;C:\ProgramData\chocolatey\bin;C:\Program Files\MySQL\MySQL Server 8.0\bin;C:\Program Files\Git\cmd;C:\Program Files\MySQL\MySQL Shell 8.0\bin\;C:\Users\shakt\AppData\Local\Microsoft\WindowsApps;C:\Program Files\JetBrains\IntelliJ IDEA Community Edition 2022.3\bin;;C:\Users\shakt\AppData\Local\Programs\Microsoft VS Code\bin;C:\Users\shakt\AppData\Roaming\npm;C:\Users\shakt\AppData\Local\GitHubDesktop\bin
USERNAME=shakt
OS=Windows_NT
PROCESSOR_IDENTIFIER=AMD64 Family 23 Model 96 Stepping 1, AuthenticAMD
TMP=C:\Users\shakt\AppData\Local\Temp
TEMP=C:\Users\shakt\AppData\Local\Temp



---------------  S Y S T E M  ---------------

OS:
 Windows 11 , 64 bit Build 22621 (10.0.22621.1928)
OS uptime: 1 days 18:23 hours
Hyper-V role detected

CPU: total 6 (initial active 6) (6 cores per cpu, 1 threads per core) family 23 model 96 stepping 1 microcode 0x0, cx8, cmov, fxsr, mmx, 3dnowpref, sse, sse2, sse3, ssse3, sse4a, sse4.1, sse4.2, popcnt, lzcnt, tsc, tscinvbit, avx, avx2, aes, clmul, bmi1, bmi2, adx, sha, fma, vzeroupper, clflush, clflushopt, hv, rdtscp, rdpid

Memory: 4k page, system-wide physical 7564M (329M free)
TotalPageFile size 31116M (AvailPageFile size 1M)
current process WorkingSet (physical memory assigned to process): 28M, peak: 28M
current process commit charge ("private bytes"): 191M, peak: 194M

vm_info: Java HotSpot(TM) 64-Bit Server VM (19+36-2238) for windows-amd64 JRE (19+36-2238), built on 2022-08-12T20:29:01Z by "mach5one" with MS VC++ 17.1 (VS2022)

END.
